Build started 4/23/2015 7:07:48 PM.
     1>Project "D:\GitHub\the-correct-one\Project Babel\Project Babel\Project Babel.vcxproj" on node 2 (Build target(s)).
     1>ClCompile:
         D:\Program Files (x86)\Microsoft Visual Studio 12.0\VC\bin\CL.exe /c /I..\..\Dependencies\include /I.\ /I"..\..\Dependencies\include\freetype-gl\\" /ZI /nologo /W3 /WX- /sdl /Od /Oy- /D WIN32 /D _CRT_SECURE_NO_WARNINGS /D _DEBUG /D _CONSOLE /D _LIB /D _UNICODE /D UNICODE /Gm /EHsc /RTC1 /MDd /GS /fp:precise /Zc:wchar_t /Zc:forScope /Yu"common.hpp" /Fp"Debug\Project Babel.pch" /Fo"Debug\\" /Fd"Debug\vc120.pdb" /Gd /TP /analyze- /errorReport:prompt common\Manager\font_manager.cpp
         font_manager.cpp
       Link:
         D:\Program Files (x86)\Microsoft Visual Studio 12.0\VC\bin\link.exe /ERRORREPORT:PROMPT /OUT:"D:\GitHub\the-correct-one\Project Babel\Debug\Project Babel.exe" /INCREMENTAL /NOLOGO /LIBPATH:..\..\Dependencies\lib "sfml-system-d.lib" "sfml-system.lib" "sfml-audio-d.lib" "sfml-audio.lib" openAL32.lib RocketDebugger.lib Shell.lib RocketControls.lib RocketCore.lib FreeImaged.lib freetype.lib glfw3.lib glew32.lib glu32.lib opengl32.lib SQLite.lib gdi32.lib winmm.lib user32.lib kernel32.lib user32.lib gdi32.lib winspool.lib comdlg32.lib advapi32.lib shell32.lib ole32.lib oleaut32.lib uuid.lib odbc32.lib odbccp32.lib /MANIFEST /MANIFESTUAC:"level='asInvoker' uiAccess='false'" /manifest:embed /DEBUG /PDB:"D:\GitHub\the-correct-one\Project Babel\Debug\Project Babel.pdb" /SUBSYSTEM:CONSOLE /TLBID:1 /DYNAMICBASE /NXCOMPAT /IMPLIB:"D:\GitHub\the-correct-one\Project Babel\Debug\Project Babel.lib" /MACHINE:X86 Debug\icon.res
         Debug\common.obj
         Debug\enemy.obj
         Debug\enemy_manager.obj
         Debug\Combat.obj
         Debug\animation.obj
         Debug\auto_path.obj
         Debug\movement.obj
         Debug\one_direction.obj
         Debug\pathfinder.obj
         Debug\physical_attributes.obj
         Debug\effects_handler.obj
         Debug\event_handler.obj
         Debug\controls.obj
         Debug\text2D.obj
         Debug\text_render.obj
         Debug\2d_math.obj
         Debug\dice.obj
         Debug\shader.obj
         Debug\sound_manager.obj
         Debug\2d.obj
         Debug\sprite.obj
         Debug\uniform_2d.obj
         Debug\texture.obj
         Debug\inventory_state.obj
         Debug\character_panel_state.obj
         Debug\collision_map.obj
         Debug\enemy_loader.obj
         Debug\game_object.obj
         Debug\menu_state.obj
         Debug\miscellaneous.obj
         Debug\panel_state.obj
         Debug\scroller.obj
         Debug\story_state.obj
         Debug\TextObject.obj
         Debug\ui_intersect.obj
         Debug\ui_state.obj
         Debug\item.obj
         Debug\item_list.obj
         Debug\item_types.obj
         Debug\font_manager.obj
         Debug\game_render.obj
         Debug\sprite_manager.obj
         Debug\fog_of_war.obj
         Debug\graph.obj
         Debug\map.obj
         Debug\map_helper1.obj
         Debug\map_helper2.obj
         Debug\map_helper3.obj
         Debug\room.obj
         Debug\tile_map.obj
         Debug\player.obj
         Debug\splash_screen.obj
         Debug\hp.obj
         Debug\stats.obj
         Debug\xp.obj
         Debug\turn.obj
         Debug\floating_text.obj
         Debug\inventory.obj
         Debug\menu_item.obj
         Debug\menu_render.obj
         Debug\panel_render.obj
         Debug\story_render.obj
         Debug\UI_handler.obj
         Debug\ui_helper.obj
         Debug\ui_mover.obj
         Debug\UI_render.obj
         Debug\application.obj
         Debug\main.obj
         SQLite.lib(sqlite3.obj) : MSIL .netmodule or module compiled with /GL found; restarting link with /LTCG; add /LTCG to the link command line to improve linker performance
     1>LINK : warning LNK4075: ignoring '/INCREMENTAL' due to '/LTCG' specification
     1>common.obj : warning LNK4075: ignoring '/EDITANDCONTINUE' due to '/OPT:LBR' specification
     1>LINK : warning LNK4098: defaultlib 'LIBCMTD' conflicts with use of other libs; use /NODEFAULTLIB:library
     1>LINK : warning LNK4098: defaultlib 'MSVCRT' conflicts with use of other libs; use /NODEFAULTLIB:library
     1>font_manager.obj : error LNK2001: unresolved external symbol _texture_atlas_new
     1>font_manager.obj : error LNK2001: unresolved external symbol _texture_font_new_from_file
     1>font_manager.obj : error LNK2001: unresolved external symbol _texture_font_get_glyph
     1>font_manager.obj : error LNK2001: unresolved external symbol _texture_glyph_get_kerning
     1>font_manager.obj : error LNK2001: unresolved external symbol _vertex_buffer_new
     1>font_manager.obj : error LNK2001: unresolved external symbol _vertex_buffer_push_back
     1>D:\GitHub\the-correct-one\Project Babel\Debug\Project Babel.exe : fatal error LNK1120: 6 unresolved externals
     1>Done Building Project "D:\GitHub\the-correct-one\Project Babel\Project Babel\Project Babel.vcxproj" (Build target(s)) -- FAILED.

Build FAILED.

Time Elapsed 00:00:00.51
